# JRE version: Java(TM) SE Runtime Environment (8.0_60-b27) (build 1.8.0_60-b27)
# Java VM: Java HotSpot(TM) 64-Bit Server VM (25.60-b23 mixed mode windows-amd64 compressed oops)
Heap:
 PSYoungGen      total 232960K, used 131919K [0x00000000eab00000, 0x0000000100000000, 0x0000000100000000)
  eden space 116736K, 75% used [0x00000000eab00000,0x00000000f010f1a0,0x00000000f1d00000)
  from space 116224K, 37% used [0x00000000f8e80000,0x00000000fb944e40,0x0000000100000000)
  to   space 116224K, 0% used [0x00000000f1d00000,0x00000000f1d00000,0x00000000f8e80000)
 ParOldGen       total 515072K, used 229298K [0x00000000c0000000, 0x00000000df700000, 0x00000000eab00000)
  object space 515072K, 44% used [0x00000000c0000000,0x00000000cdfec908,0x00000000df700000)
 Metaspace       used 6563K, capacity 7256K, committed 7424K, reserved 1056768K
  class space    used 627K, capacity 656K, committed 768K, reserved 1048576K
GC Heap History (10 events):
Event: 15.431 GC heap before
{Heap before GC invocations=14 (full 4):
 PSYoungGen      total 208896K, used 116736K [0x00000000eab00000, 0x0000000100000000, 0x0000000100000000)
  eden space 116736K, 100% used [0x00000000eab00000,0x00000000f1d00000,0x00000000f1d00000)
  from space 92160K, 0% used [0x00000000fa600000,0x00000000fa600000,0x0000000100000000)
  to   space 116224K, 0% used [0x00000000f1d00000,0x00000000f1d00000,0x00000000f8e80000)
 ParOldGen       total 229376K, used 215438K [0x00000000c0000000, 0x00000000ce000000, 0x00000000eab00000)
  object space 229376K, 93% used [0x00000000c0000000,0x00000000cd263a18,0x00000000ce000000)
 Metaspace       used 6555K, capacity 7256K, committed 7424K, reserved 1056768K
  class space    used 626K, capacity 656K, committed 768K, reserved 1048576K
Event: 16.036 GC heap after
Heap after GC invocations=14 (full 4):
 PSYoungGen      total 208896K, used 0K [0x00000000eab00000, 0x0000000100000000, 0x0000000100000000)
  eden space 116736K, 0% used [0x00000000eab00000,0x00000000eab00000,0x00000000f1d00000)
  from space 92160K, 0% used [0x00000000fa600000,0x00000000fa600000,0x0000000100000000)
  to   space 116224K, 0% used [0x00000000f1d00000,0x00000000f1d00000,0x00000000f8e80000)
 ParOldGen       total 229376K, used 217564K [0x00000000c0000000, 0x00000000ce000000, 0x00000000eab00000)
  object space 229376K, 94% used [0x00000000c0000000,0x00000000cd4772e0,0x00000000ce000000)
 Metaspace       used 6555K, capacity 7256K, committed 7424K, reserved 1056768K
  class space    used 626K, capacity 656K, committed 768K, reserved 1048576K
}
Event: 16.637 GC heap before
{Heap before GC invocations=15 (full 5):
 PSYoungGen      total 208896K, used 116736K [0x00000000eab00000, 0x0000000100000000, 0x0000000100000000)
  eden space 116736K, 100% used [0x00000000eab00000,0x00000000f1d00000,0x00000000f1d00000)
  from space 92160K, 0% used [0x00000000fa600000,0x00000000fa600000,0x0000000100000000)
  to   space 116224K, 0% used [0x00000000f1d00000,0x00000000f1d00000,0x00000000f8e80000)
 ParOldGen       total 229376K, used 217564K [0x00000000c0000000, 0x00000000ce000000, 0x00000000eab00000)
  object space 229376K, 94% used [0x00000000c0000000,0x00000000cd4772e0,0x00000000ce000000)
 Metaspace       used 6555K, capacity 7256K, committed 7424K, reserved 1056768K
  class space    used 626K, capacity 656K, committed 768K, reserved 1048576K
Event: 18.220 GC heap after
Heap after GC invocations=15 (full 5):
 PSYoungGen      total 208896K, used 2610K [0x00000000eab00000, 0x0000000100000000, 0x0000000100000000)
  eden space 116736K, 2% used [0x00000000eab00000,0x00000000ead8c900,0x00000000f1d00000)
  from space 92160K, 0% used [0x00000000fa600000,0x00000000fa600000,0x0000000100000000)
  to   space 116224K, 0% used [0x00000000f1d00000,0x00000000f1d00000,0x00000000f8e80000)
 ParOldGen       total 229376K, used 229016K [0x00000000c0000000, 0x00000000ce000000, 0x00000000eab00000)
  object space 229376K, 99% used [0x00000000c0000000,0x00000000cdfa6230,0x00000000ce000000)
 Metaspace       used 6555K, capacity 7256K, committed 7424K, reserved 1056768K
  class space    used 626K, capacity 656K, committed 768K, reserved 1048576K
}
Event: 18.357 GC heap before
{Heap before GC invocations=16 (full 6):
 PSYoungGen      total 208896K, used 116736K [0x00000000eab00000, 0x0000000100000000, 0x0000000100000000)
  eden space 116736K, 100% used [0x00000000eab00000,0x00000000f1d00000,0x00000000f1d00000)
  from space 92160K, 0% used [0x00000000fa600000,0x00000000fa600000,0x0000000100000000)
  to   space 116224K, 0% used [0x00000000f1d00000,0x00000000f1d00000,0x00000000f8e80000)
 ParOldGen       total 229376K, used 229016K [0x00000000c0000000, 0x00000000ce000000, 0x00000000eab00000)
  object space 229376K, 99% used [0x00000000c0000000,0x00000000cdfa6230,0x00000000ce000000)
 Metaspace       used 6555K, capacity 7256K, committed 7424K, reserved 1056768K
  class space    used 626K, capacity 656K, committed 768K, reserved 1048576K
Event: 19.076 GC heap after
Heap after GC invocations=16 (full 6):
 PSYoungGen      total 208896K, used 3341K [0x00000000eab00000, 0x0000000100000000, 0x0000000100000000)
  eden space 116736K, 2% used [0x00000000eab00000,0x00000000eae43738,0x00000000f1d00000)
  from space 92160K, 0% used [0x00000000fa600000,0x00000000fa600000,0x0000000100000000)
  to   space 116224K, 0% used [0x00000000f1d00000,0x00000000f1d00000,0x00000000f8e80000)
 ParOldGen       total 515072K, used 229298K [0x00000000c0000000, 0x00000000df700000, 0x00000000eab00000)
  object space 515072K, 44% used [0x00000000c0000000,0x00000000cdfec908,0x00000000df700000)
 Metaspace       used 6555K, capacity 7256K, committed 7424K, reserved 1056768K
  class space    used 626K, capacity 656K, committed 768K, reserved 1048576K
}
Event: 19.886 GC heap before
{Heap before GC invocations=17 (full 6):
 PSYoungGen      total 208896K, used 116736K [0x00000000eab00000, 0x0000000100000000, 0x0000000100000000)
  eden space 116736K, 100% used [0x00000000eab00000,0x00000000f1d00000,0x00000000f1d00000)
  from space 92160K, 0% used [0x00000000fa600000,0x00000000fa600000,0x0000000100000000)
  to   space 116224K, 0% used [0x00000000f1d00000,0x00000000f1d00000,0x00000000f8e80000)
 ParOldGen       total 515072K, used 229298K [0x00000000c0000000, 0x00000000df700000, 0x00000000eab00000)
  object space 515072K, 44% used [0x00000000c0000000,0x00000000cdfec908,0x00000000df700000)
 Metaspace       used 6557K, capacity 7256K, committed 7424K, reserved 1056768K
  class space    used 626K, capacity 656K, committed 768K, reserved 1048576K
Event: 20.137 GC heap after
Heap after GC invocations=17 (full 6):
 PSYoungGen      total 232960K, used 44679K [0x00000000eab00000, 0x0000000100000000, 0x0000000100000000)
  eden space 116736K, 0% used [0x00000000eab00000,0x00000000eab00000,0x00000000f1d00000)
  from space 116224K, 38% used [0x00000000f1d00000,0x00000000f48a1ea0,0x00000000f8e80000)
  to   space 116224K, 0% used [0x00000000f8e80000,0x00000000f8e80000,0x0000000100000000)
 ParOldGen       total 515072K, used 229298K [0x00000000c0000000, 0x00000000df700000, 0x00000000eab00000)
  object space 515072K, 44% used [0x00000000c0000000,0x00000000cdfec908,0x00000000df700000)
 Metaspace       used 6557K, capacity 7256K, committed 7424K, reserved 1056768K
  class space    used 626K, capacity 656K, committed 768K, reserved 1048576K
}
Event: 20.743 GC heap before
{Heap before GC invocations=18 (full 6):
 PSYoungGen      total 232960K, used 161415K [0x00000000eab00000, 0x0000000100000000, 0x0000000100000000)
  eden space 116736K, 100% used [0x00000000eab00000,0x00000000f1d00000,0x00000000f1d00000)
  from space 116224K, 38% used [0x00000000f1d00000,0x00000000f48a1ea0,0x00000000f8e80000)
  to   space 116224K, 0% used [0x00000000f8e80000,0x00000000f8e80000,0x0000000100000000)
 ParOldGen       total 515072K, used 229298K [0x00000000c0000000, 0x00000000df700000, 0x00000000eab00000)
  object space 515072K, 44% used [0x00000000c0000000,0x00000000cdfec908,0x00000000df700000)
 Metaspace       used 6560K, capacity 7256K, committed 7424K, reserved 1056768K
  class space    used 626K, capacity 656K, committed 768K, reserved 1048576K
Event: 20.843 GC heap after
Heap after GC invocations=18 (full 6):
 PSYoungGen      total 232960K, used 43795K [0x00000000eab00000, 0x0000000100000000, 0x0000000100000000)
  eden space 116736K, 0% used [0x00000000eab00000,0x00000000eab00000,0x00000000f1d00000)
  from space 116224K, 37% used [0x00000000f8e80000,0x00000000fb944e40,0x0000000100000000)
  to   space 116224K, 0% used [0x00000000f1d00000,0x00000000f1d00000,0x00000000f8e80000)
 ParOldGen       total 515072K, used 229298K [0x00000000c0000000, 0x00000000df700000, 0x00000000eab00000)
  object space 515072K, 44% used [0x00000000c0000000,0x00000000cdfec908,0x00000000df700000)
 Metaspace       used 6560K, capacity 7256K, committed 7424K, reserved 1056768K
  class space    used 626K, capacity 656K, committed 768K, reserved 1048576K
}

